# JRE version: Java(TM) SE Runtime Environment (19.0.2+7) (build 19.0.2+7-44)
# Java VM: Java HotSpot(TM) 64-Bit Server VM (19.0.2+7-44, mixed mode, sharing, tiered, compressed oops, compressed class ptrs, g1 gc, windows-amd64)
GC Precious Log:
 CardTable entry size: 512
 Card Set container configuration: InlinePtr #cards 5 size 8 Array Of Cards #cards 12 size 40 Howl #buckets 4 coarsen threshold 1843 Howl Bitmap #cards 512 size 80 coarsen threshold 460 Card regions per heap region 1 cards per card region 2048
 CPUs: 12 total, 12 available
 Memory: 16159M
 Large Page Support: Disabled
 NUMA Support: Disabled
 Compressed Oops: Enabled (32-bit)
 Heap Region Size: 1M
 Heap Min Capacity: 8M
 Heap Initial Capacity: 254M
 Heap Max Capacity: 2G
 Pre-touch: Disabled
 Parallel Workers: 10
 Concurrent Workers: 3
 Concurrent Refinement Workers: 10
 Periodic GC: Disabled
Heap:
 garbage-first heap   total 265216K, used 155581K [0x0000000080000000, 0x0000000100000000)
  region size 1024K, 7 young (7168K), 7 survivors (7168K)
 Metaspace       used 134886K, committed 137216K, reserved 1179648K
  class space    used 17124K, committed 18368K, reserved 1048576K
GC Heap History (20 events):
Event: 17.216 GC heap after
{Heap after GC invocations=31 (full 0):
 garbage-first heap   total 220160K, used 122202K [0x0000000080000000, 0x0000000100000000)
  region size 1024K, 7 young (7168K), 7 survivors (7168K)
 Metaspace       used 116803K, committed 118912K, reserved 1179648K
  class space    used 14845K, committed 16000K, reserved 1048576K
}
Event: 17.888 GC heap before
{Heap before GC invocations=31 (full 0):
 garbage-first heap   total 220160K, used 178522K [0x0000000080000000, 0x0000000100000000)
  region size 1024K, 56 young (57344K), 7 survivors (7168K)
 Metaspace       used 118846K, committed 120960K, reserved 1179648K
  class space    used 15085K, committed 16256K, reserved 1048576K
}
Event: 17.894 GC heap after
{Heap after GC invocations=32 (full 0):
 garbage-first heap   total 220160K, used 135488K [0x0000000080000000, 0x0000000100000000)
  region size 1024K, 7 young (7168K), 7 survivors (7168K)
 Metaspace       used 118846K, committed 120960K, reserved 1179648K
  class space    used 15085K, committed 16256K, reserved 1048576K
}
Event: 18.383 GC heap before
{Heap before GC invocations=32 (full 0):
 garbage-first heap   total 220160K, used 175424K [0x0000000080000000, 0x0000000100000000)
  region size 1024K, 46 young (47104K), 7 survivors (7168K)
 Metaspace       used 122503K, committed 124672K, reserved 1179648K
  class space    used 15480K, committed 16640K, reserved 1048576K
}
Event: 18.386 GC heap after
{Heap after GC invocations=33 (full 0):
 garbage-first heap   total 220160K, used 138403K [0x0000000080000000, 0x0000000100000000)
  region size 1024K, 2 young (2048K), 2 survivors (2048K)
 Metaspace       used 122503K, committed 124672K, reserved 1179648K
  class space    used 15480K, committed 16640K, reserved 1048576K
}
Event: 18.923 GC heap before
{Heap before GC invocations=33 (full 0):
 garbage-first heap   total 220160K, used 184483K [0x0000000080000000, 0x0000000100000000)
  region size 1024K, 42 young (43008K), 2 survivors (2048K)
 Metaspace       used 125267K, committed 127488K, reserved 1179648K
  class space    used 15907K, committed 17088K, reserved 1048576K
}
Event: 18.926 GC heap after
{Heap after GC invocations=34 (full 0):
 garbage-first heap   total 220160K, used 143486K [0x0000000080000000, 0x0000000100000000)
  region size 1024K, 6 young (6144K), 6 survivors (6144K)
 Metaspace       used 125267K, committed 127488K, reserved 1179648K
  class space    used 15907K, committed 17088K, reserved 1048576K
}
Event: 19.388 GC heap before
{Heap before GC invocations=34 (full 0):
 garbage-first heap   total 220160K, used 180350K [0x0000000080000000, 0x0000000100000000)
  region size 1024K, 42 young (43008K), 6 survivors (6144K)
 Metaspace       used 127873K, committed 130176K, reserved 1179648K
  class space    used 16243K, committed 17472K, reserved 1048576K
}
Event: 19.393 GC heap after
{Heap after GC invocations=35 (full 0):
 garbage-first heap   total 220160K, used 145718K [0x0000000080000000, 0x0000000100000000)
  region size 1024K, 3 young (3072K), 3 survivors (3072K)
 Metaspace       used 127873K, committed 130176K, reserved 1179648K
  class space    used 16243K, committed 17472K, reserved 1048576K
}
Event: 20.005 GC heap before
{Heap before GC invocations=35 (full 0):
 garbage-first heap   total 220160K, used 187702K [0x0000000080000000, 0x0000000100000000)
  region size 1024K, 40 young (40960K), 3 survivors (3072K)
 Metaspace       used 131359K, committed 133632K, reserved 1179648K
  class space    used 16688K, committed 17920K, reserved 1048576K
}
Event: 20.010 GC heap after
{Heap after GC invocations=36 (full 0):
 garbage-first heap   total 220160K, used 152145K [0x0000000080000000, 0x0000000100000000)
  region size 1024K, 5 young (5120K), 5 survivors (5120K)
 Metaspace       used 131359K, committed 133632K, reserved 1179648K
  class space    used 16688K, committed 17920K, reserved 1048576K
}
Event: 20.460 GC heap before
{Heap before GC invocations=36 (full 0):
 garbage-first heap   total 220160K, used 185937K [0x0000000080000000, 0x0000000100000000)
  region size 1024K, 38 young (38912K), 5 survivors (5120K)
 Metaspace       used 133807K, committed 136128K, reserved 1179648K
  class space    used 17018K, committed 18240K, reserved 1048576K
}
Event: 20.465 GC heap after
{Heap after GC invocations=37 (full 0):
 garbage-first heap   total 220160K, used 154260K [0x0000000080000000, 0x0000000100000000)
  region size 1024K, 3 young (3072K), 3 survivors (3072K)
 Metaspace       used 133807K, committed 136128K, reserved 1179648K
  class space    used 17018K, committed 18240K, reserved 1048576K
}
Event: 21.296 GC heap before
{Heap before GC invocations=37 (full 0):
 garbage-first heap   total 220160K, used 186004K [0x0000000080000000, 0x0000000100000000)
  region size 1024K, 34 young (34816K), 3 survivors (3072K)
 Metaspace       used 134747K, committed 137088K, reserved 1179648K
  class space    used 17123K, committed 18368K, reserved 1048576K
}
Event: 21.301 GC heap after
{Heap after GC invocations=38 (full 0):
 garbage-first heap   total 220160K, used 158210K [0x0000000080000000, 0x0000000100000000)
  region size 1024K, 5 young (5120K), 5 survivors (5120K)
 Metaspace       used 134747K, committed 137088K, reserved 1179648K
  class space    used 17123K, committed 18368K, reserved 1048576K
}
Event: 21.609 GC heap before
{Heap before GC invocations=39 (full 0):
 garbage-first heap   total 265216K, used 183810K [0x0000000080000000, 0x0000000100000000)
  region size 1024K, 33 young (33792K), 5 survivors (5120K)
 Metaspace       used 134792K, committed 137088K, reserved 1179648K
  class space    used 17124K, committed 18368K, reserved 1048576K
}
Event: 21.615 GC heap after
{Heap after GC invocations=40 (full 0):
 garbage-first heap   total 265216K, used 159091K [0x0000000080000000, 0x0000000100000000)
  region size 1024K, 5 young (5120K), 5 survivors (5120K)
 Metaspace       used 134792K, committed 137088K, reserved 1179648K
  class space    used 17124K, committed 18368K, reserved 1048576K
}
Event: 21.651 GC heap before
{Heap before GC invocations=40 (full 0):
 garbage-first heap   total 265216K, used 166259K [0x0000000080000000, 0x0000000100000000)
  region size 1024K, 12 young (12288K), 5 survivors (5120K)
 Metaspace       used 134811K, committed 137152K, reserved 1179648K
  class space    used 17124K, committed 18368K, reserved 1048576K
}
Event: 21.656 GC heap after
{Heap after GC invocations=41 (full 0):
 garbage-first heap   total 265216K, used 150461K [0x0000000080000000, 0x0000000100000000)
  region size 1024K, 2 young (2048K), 2 survivors (2048K)
 Metaspace       used 134811K, committed 137152K, reserved 1179648K
  class space    used 17124K, committed 18368K, reserved 1048576K
}
Event: 21.977 GC heap before
{Heap before GC invocations=41 (full 0):
 garbage-first heap   total 265216K, used 209853K [0x0000000080000000, 0x0000000100000000)
  region size 1024K, 60 young (61440K), 2 survivors (2048K)
 Metaspace       used 134886K, committed 137216K, reserved 1179648K
  class space    used 17124K, committed 18368K, reserved 1048576K
}

